2015-12-16 02:42:13.275+0000 INFO  [o.n.s.CommunityNeoServer]: Setting startup timeout to: 120000ms based on 120000
2015-12-16 02:42:13.616+0000 INFO  [o.n.k.InternalAbstractGraphDatabase]: No locking implementation specified, defaulting to 'community'
2015-12-16 02:42:13.872+0000 INFO  [o.n.k.i.DiagnosticsManager]: --- INITIALIZED diagnostics START ---
2015-12-16 02:42:13.875+0000 INFO  [o.n.k.i.DiagnosticsManager]: Neo4j Kernel properties:
2015-12-16 02:42:13.883+0000 INFO  [o.n.k.i.DiagnosticsManager]: org.neo4j.server.webserver.https.keystore.location=data/keystore
2015-12-16 02:42:13.883+0000 INFO  [o.n.k.i.DiagnosticsManager]: org.neo4j.server.db.tuning.properties=conf/neo4j.properties
2015-12-16 02:42:13.883+0000 INFO  [o.n.k.i.DiagnosticsManager]: org.neo4j.server.database.location=data/graph.db
2015-12-16 02:42:13.883+0000 INFO  [o.n.k.i.DiagnosticsManager]: org.neo4j.server.webserver.port=7474
2015-12-16 02:42:13.883+0000 INFO  [o.n.k.i.DiagnosticsManager]: store_dir=/Users/MacbookAir/Rails/neo4friends/db/neo4j/development/data/graph.db
2015-12-16 02:42:13.883+0000 INFO  [o.n.k.i.DiagnosticsManager]: org.neo4j.server.webserver.https.key.location=conf/ssl/snakeoil.key
2015-12-16 02:42:13.883+0000 INFO  [o.n.k.i.DiagnosticsManager]: org.neo4j.server.http.log.config=conf/neo4j-http-logging.xml
2015-12-16 02:42:13.884+0000 INFO  [o.n.k.i.DiagnosticsManager]: dbms.querylog.filename=data/log/queries.log
2015-12-16 02:42:13.884+0000 INFO  [o.n.k.i.DiagnosticsManager]: org.neo4j.server.webserver.https.cert.location=conf/ssl/snakeoil.cert
2015-12-16 02:42:13.884+0000 INFO  [o.n.k.i.DiagnosticsManager]: org.neo4j.server.webserver.https.enabled=true
2015-12-16 02:42:13.884+0000 INFO  [o.n.k.i.DiagnosticsManager]: org.neo4j.server.http.log.enabled=false
2015-12-16 02:42:13.884+0000 INFO  [o.n.k.i.DiagnosticsManager]: org.neo4j.server.webserver.https.port=7473
2015-12-16 02:42:13.884+0000 INFO  [o.n.k.i.DiagnosticsManager]: org.neo4j.server.webadmin.rrdb.location=data/rrd
2015-12-16 02:42:13.884+0000 INFO  [o.n.k.i.DiagnosticsManager]: remote_shell_enabled=true
2015-12-16 02:42:13.884+0000 INFO  [o.n.k.i.DiagnosticsManager]: dbms.security.auth_enabled=false
2015-12-16 02:42:13.886+0000 INFO  [o.n.k.i.DiagnosticsManager]: Diagnostics providers:
2015-12-16 02:42:13.887+0000 INFO  [o.n.k.i.DiagnosticsManager]: org.neo4j.kernel.configuration.Config
2015-12-16 02:42:13.887+0000 INFO  [o.n.k.i.DiagnosticsManager]: org.neo4j.kernel.info.DiagnosticsManager
2015-12-16 02:42:13.887+0000 INFO  [o.n.k.i.DiagnosticsManager]: SYSTEM_MEMORY
2015-12-16 02:42:13.887+0000 INFO  [o.n.k.i.DiagnosticsManager]: JAVA_MEMORY
2015-12-16 02:42:13.887+0000 INFO  [o.n.k.i.DiagnosticsManager]: OPERATING_SYSTEM
2015-12-16 02:42:13.887+0000 INFO  [o.n.k.i.DiagnosticsManager]: JAVA_VIRTUAL_MACHINE
2015-12-16 02:42:13.887+0000 INFO  [o.n.k.i.DiagnosticsManager]: CLASSPATH
2015-12-16 02:42:13.887+0000 INFO  [o.n.k.i.DiagnosticsManager]: LIBRARY_PATH
2015-12-16 02:42:13.887+0000 INFO  [o.n.k.i.DiagnosticsManager]: SYSTEM_PROPERTIES
2015-12-16 02:42:13.887+0000 INFO  [o.n.k.i.DiagnosticsManager]: NETWORK
2015-12-16 02:42:13.888+0000 INFO  [o.n.k.i.DiagnosticsManager]: System memory information:
2015-12-16 02:42:13.892+0000 INFO  [o.n.k.i.DiagnosticsManager]: Total Physical memory: 4.00 GB
2015-12-16 02:42:13.894+0000 INFO  [o.n.k.i.DiagnosticsManager]: Free Physical memory: 46.98 MB
2015-12-16 02:42:13.895+0000 INFO  [o.n.k.i.DiagnosticsManager]: Committed virtual memory: 3.61 GB
2015-12-16 02:42:13.896+0000 INFO  [o.n.k.i.DiagnosticsManager]: Total swap space: 3.00 GB
2015-12-16 02:42:13.897+0000 INFO  [o.n.k.i.DiagnosticsManager]: Free swap space: 1.42 GB
2015-12-16 02:42:13.898+0000 INFO  [o.n.k.i.DiagnosticsManager]: JVM memory information:
2015-12-16 02:42:13.898+0000 INFO  [o.n.k.i.DiagnosticsManager]: Free  memory: 33.19 MB
2015-12-16 02:42:13.899+0000 INFO  [o.n.k.i.DiagnosticsManager]: Total memory: 61.88 MB
2015-12-16 02:42:13.899+0000 INFO  [o.n.k.i.DiagnosticsManager]: Max   memory: 990.75 MB
2015-12-16 02:42:13.908+0000 INFO  [o.n.k.i.DiagnosticsManager]: Garbage Collector: ParNew: [Par Eden Space, Par Survivor Space]
2015-12-16 02:42:13.908+0000 INFO  [o.n.k.i.DiagnosticsManager]: Garbage Collector: ConcurrentMarkSweep: [Par Eden Space, Par Survivor Space, CMS Old Gen, CMS Perm Gen]
2015-12-16 02:42:13.910+0000 INFO  [o.n.k.i.DiagnosticsManager]: Memory Pool: Code Cache (Non-heap memory): committed=2.44 MB, used=733.25 kB, max=48.00 MB, threshold=0.00 B
2015-12-16 02:42:13.911+0000 INFO  [o.n.k.i.DiagnosticsManager]: Memory Pool: Par Eden Space (Heap memory): committed=17.06 MB, used=2.56 MB, max=266.25 MB, threshold=?
2015-12-16 02:42:13.912+0000 INFO  [o.n.k.i.DiagnosticsManager]: Memory Pool: Par Survivor Space (Heap memory): committed=2.13 MB, used=2.13 MB, max=33.25 MB, threshold=?
2015-12-16 02:42:13.912+0000 INFO  [o.n.k.i.DiagnosticsManager]: Memory Pool: CMS Old Gen (Heap memory): committed=42.69 MB, used=24.00 MB, max=691.25 MB, threshold=0.00 B
2015-12-16 02:42:13.913+0000 INFO  [o.n.k.i.DiagnosticsManager]: Memory Pool: CMS Perm Gen (Non-heap memory): committed=20.75 MB, used=12.50 MB, max=82.00 MB, threshold=0.00 B
2015-12-16 02:42:13.913+0000 INFO  [o.n.k.i.DiagnosticsManager]: Operating system information:
2015-12-16 02:42:13.915+0000 INFO  [o.n.k.i.DiagnosticsManager]: Operating System: Mac OS X; version: 10.10.5; arch: x86_64; cpus: 4
2015-12-16 02:42:13.916+0000 INFO  [o.n.k.i.DiagnosticsManager]: Max number of file descriptors: 10240
2015-12-16 02:42:13.916+0000 INFO  [o.n.k.i.DiagnosticsManager]: Number of open file descriptors: 86
2015-12-16 02:42:13.917+0000 INFO  [o.n.k.i.DiagnosticsManager]: Process id: 52841@Rickys-MacBook-Air-2.local
2015-12-16 02:42:13.917+0000 INFO  [o.n.k.i.DiagnosticsManager]: Byte order: LITTLE_ENDIAN
2015-12-16 02:42:13.917+0000 INFO  [o.n.k.i.DiagnosticsManager]: Local timezone: America/Vancouver
2015-12-16 02:42:13.917+0000 INFO  [o.n.k.i.DiagnosticsManager]: JVM information:
2015-12-16 02:42:13.917+0000 INFO  [o.n.k.i.DiagnosticsManager]: VM Name: Java HotSpot(TM) 64-Bit Server VM
2015-12-16 02:42:13.917+0000 INFO  [o.n.k.i.DiagnosticsManager]: VM Vendor: Oracle Corporation
2015-12-16 02:42:13.917+0000 INFO  [o.n.k.i.DiagnosticsManager]: VM Version: 24.79-b02
2015-12-16 02:42:13.918+0000 INFO  [o.n.k.i.DiagnosticsManager]: JIT compiler: HotSpot 64-Bit Tiered Compilers
2015-12-16 02:42:13.919+0000 INFO  [o.n.k.i.DiagnosticsManager]: VM Arguments: [-XX:+DisableExplicitGC, -Dorg.neo4j.server.properties=conf/neo4j-server.properties, -Djava.util.logging.config.file=conf/logging.properties, -XX:+UseConcMarkSweepGC, -XX:+CMSClassUnloadingEnabled, -XX:-OmitStackTraceInFastThrow, -XX:hashCode=5, -Dneo4j.ext.udc.source=tarball, -Dneo4j.home=/Users/MacbookAir/Rails/neo4friends/db/neo4j/development, -Dneo4j.instance=/Users/MacbookAir/Rails/neo4friends/db/neo4j/development, -Dfile.encoding=UTF-8]
2015-12-16 02:42:13.919+0000 INFO  [o.n.k.i.DiagnosticsManager]: Java classpath:
2015-12-16 02:42:13.922+0000 INFO  [o.n.k.i.DiagnosticsManager]:  [classpath + loader.0] file:/Users/MacbookAir/Rails/neo4friends/db/neo4j/development/system/lib/jetty-util-9.2.4.v20141103.jar
2015-12-16 02:42:13.922+0000 INFO  [o.n.k.i.DiagnosticsManager]:  [loader.1] file:/System/Library/Java/Extensions/dns_sd.jar
2015-12-16 02:42:13.922+0000 INFO  [o.n.k.i.DiagnosticsManager]:  [bootstrap] /Library/Internet Plug-Ins/JavaAppletPlugin.plugin/Contents/Home/lib/charsets.jar
2015-12-16 02:42:13.922+0000 INFO  [o.n.k.i.DiagnosticsManager]:  [classpath + loader.0] file:/Users/MacbookAir/Rails/neo4friends/db/neo4j/development/system/lib/slf4j-api-1.7.7.jar
2015-12-16 02:42:13.922+0000 INFO  [o.n.k.i.DiagnosticsManager]:  [loader.1] file:/System/Library/Java/Extensions/MRJToolkit.jar
2015-12-16 02:42:13.922+0000 INFO  [o.n.k.i.DiagnosticsManager]:  [loader.1] file:/System/Library/Java/Extensions/vecmath.jar
2015-12-16 02:42:13.922+0000 INFO  [o.n.k.i.DiagnosticsManager]:  [loader.1] file:/System/Library/Java/Extensions/libmlib_jai.jnilib
2015-12-16 02:42:13.922+0000 INFO  [o.n.k.i.DiagnosticsManager]:  [loader.1] file:/Library/Internet%20Plug-Ins/JavaAppletPlugin.plugin/Contents/Home/lib/ext/sunec.jar
2015-12-16 02:42:13.923+0000 INFO  [o.n.k.i.DiagnosticsManager]:  [classpath + loader.0] file:/Users/MacbookAir/Rails/neo4friends/db/neo4j/development/lib/neo4j-csv-2.2.7.jar
2015-12-16 02:42:13.923+0000 INFO  [o.n.k.i.DiagnosticsManager]:  [classpath + loader.0] file:/Users/MacbookAir/Rails/neo4friends/db/neo4j/development/lib/parboiled-scala_2.10-1.1.7.jar
2015-12-16 02:42:13.923+0000 INFO  [o.n.k.i.DiagnosticsManager]:  [classpath + loader.0] file:/Users/MacbookAir/Rails/neo4friends/db/neo4j/development/system/lib/logback-access-1.1.2.jar
2015-12-16 02:42:13.923+0000 INFO  [o.n.k.i.DiagnosticsManager]:  [bootstrap] /Library/Internet Plug-Ins/JavaAppletPlugin.plugin/Contents/Home/lib/jce.jar
2015-12-16 02:42:13.923+0000 INFO  [o.n.k.i.DiagnosticsManager]:  [bootstrap] /Library/Internet Plug-Ins/JavaAppletPlugin.plugin/Contents/Home/lib/jsse.jar
2015-12-16 02:42:13.923+0000 INFO  [o.n.k.i.DiagnosticsManager]:  [bootstrap] /Library/Internet Plug-Ins/JavaAppletPlugin.plugin/Contents/Home/lib/rt.jar
2015-12-16 02:42:13.923+0000 INFO  [o.n.k.i.DiagnosticsManager]:  [classpath + loader.0] file:/Users/MacbookAir/Rails/neo4friends/db/neo4j/development/system/lib/commons-digester-2.1.jar
2015-12-16 02:42:13.923+0000 INFO  [o.n.k.i.DiagnosticsManager]:  [classpath + loader.0] file:/Users/MacbookAir/Rails/neo4friends/db/neo4j/development/lib/neo4j-cypher-compiler-2.1-2.1.8.jar
2015-12-16 02:42:13.923+0000 INFO  [o.n.k.i.DiagnosticsManager]:  [classpath + loader.0] file:/Users/MacbookAir/Rails/neo4friends/db/neo4j/development/lib/neo4j-shell-2.2.7.jar
2015-12-16 02:42:13.923+0000 INFO  [o.n.k.i.DiagnosticsManager]:  [classpath + loader.0] file:/Users/MacbookAir/Rails/neo4friends/db/neo4j/development/lib/neo4j-lucene-index-2.2.7.jar
2015-12-16 02:42:13.923+0000 INFO  [o.n.k.i.DiagnosticsManager]:  [classpath + loader.0] file:/Users/MacbookAir/Rails/neo4friends/db/neo4j/development/lib/parboiled-core-1.1.7.jar
2015-12-16 02:42:13.923+0000 INFO  [o.n.k.i.DiagnosticsManager]:  [classpath + loader.0] file:/Users/MacbookAir/Rails/neo4friends/db/neo4j/development/lib/neo4j-cypher-compiler-2.0-2.0.4.jar
2015-12-16 02:42:13.923+0000 INFO  [o.n.k.i.DiagnosticsManager]:  [classpath + loader.0] file:/Users/MacbookAir/Rails/neo4friends/db/neo4j/development/lib/neo4j-cypher-compiler-2.2-2.2.7.jar
2015-12-16 02:42:13.923+0000 INFO  [o.n.k.i.DiagnosticsManager]:  [classpath + loader.0] file:/Users/MacbookAir/Rails/neo4friends/db/neo4j/development/system/lib/jackson-mapper-asl-1.9.13.jar
2015-12-16 02:42:13.923+0000 INFO  [o.n.k.i.DiagnosticsManager]:  [loader.1] file:/System/Library/Java/Extensions/libJ3D.jnilib
2015-12-16 02:42:13.923+0000 INFO  [o.n.k.i.DiagnosticsManager]:  [loader.1] file:/Library/Internet%20Plug-Ins/JavaAppletPlugin.plugin/Contents/Home/lib/ext/sunjce_provider.jar
2015-12-16 02:42:13.923+0000 INFO  [o.n.k.i.DiagnosticsManager]:  [classpath + loader.0] file:/Users/MacbookAir/Rails/neo4friends/db/neo4j/development/system/lib/jersey-multipart-1.19.jar
2015-12-16 02:42:13.923+0000 INFO  [o.n.k.i.DiagnosticsManager]:  [classpath + loader.0] file:/Users/MacbookAir/Rails/neo4friends/db/neo4j/development/system/lib/neo4j-server-2.2.7-static-web.jar
2015-12-16 02:42:13.923+0000 INFO  [o.n.k.i.DiagnosticsManager]:  [loader.1] file:/System/Library/Java/Extensions/mlibwrapper_jai.jar
2015-12-16 02:42:13.924+0000 INFO  [o.n.k.i.DiagnosticsManager]:  [classpath + loader.0] file:/Users/MacbookAir/Rails/neo4friends/db/neo4j/development/system/lib/mimepull-1.9.3.jar
2015-12-16 02:42:13.924+0000 INFO  [o.n.k.i.DiagnosticsManager]:  [classpath + loader.0] file:/Users/MacbookAir/Rails/neo4friends/db/neo4j/development/lib/neo4j-graph-matching-2.2.7.jar
2015-12-16 02:42:13.924+0000 INFO  [o.n.k.i.DiagnosticsManager]:  [classpath + loader.0] file:/Users/MacbookAir/Rails/neo4friends/db/neo4j/development/lib/org.apache.servicemix.bundles.jline-0.9.94_1.jar
2015-12-16 02:42:13.924+0000 INFO  [o.n.k.i.DiagnosticsManager]:  [bootstrap] /Library/Internet Plug-Ins/JavaAppletPlugin.plugin/Contents/Home/lib/resources.jar
2015-12-16 02:42:13.924+0000 INFO  [o.n.k.i.DiagnosticsManager]:  [classpath + loader.0] file:/Users/MacbookAir/Rails/neo4friends/db/neo4j/development/system/lib/jsr311-api-1.1.2.r612.jar
2015-12-16 02:42:13.924+0000 INFO  [o.n.k.i.DiagnosticsManager]:  [classpath + loader.0] file:/Users/MacbookAir/Rails/neo4friends/db/neo4j/development/system/lib/jetty-webapp-9.2.4.v20141103.jar
2015-12-16 02:42:13.924+0000 INFO  [o.n.k.i.DiagnosticsManager]:  [loader.1] file:/System/Library/Java/Extensions/libJ3DAudio.jnilib
2015-12-16 02:42:13.924+0000 INFO  [o.n.k.i.DiagnosticsManager]:  [loader.1] file:/System/Library/Java/Extensions/libAppleScriptEngine.jnilib
2015-12-16 02:42:13.924+0000 INFO  [o.n.k.i.DiagnosticsManager]:  [classpath + loader.0] file:/Users/MacbookAir/Rails/neo4friends/db/neo4j/development/system/lib/jackson-jaxrs-1.9.13.jar
2015-12-16 02:42:13.924+0000 INFO  [o.n.k.i.DiagnosticsManager]:  [classpath + loader.0] file:/Users/MacbookAir/Rails/neo4friends/db/neo4j/development/system/lib/javax.servlet-api-3.1.0.jar
2015-12-16 02:42:13.924+0000 INFO  [o.n.k.i.DiagnosticsManager]:  [classpath + loader.0] file:/Users/MacbookAir/Rails/neo4friends/db/neo4j/development/system/lib/jetty-server-9.2.4.v20141103.jar
2015-12-16 02:42:13.924+0000 INFO  [o.n.k.i.DiagnosticsManager]:  [classpath + loader.0] file:/Users/MacbookAir/Rails/neo4friends/db/neo4j/development/lib/neo4j-io-2.2.7.jar
2015-12-16 02:42:13.924+0000 INFO  [o.n.k.i.DiagnosticsManager]:  [loader.1] file:/System/Library/Java/Extensions/j3daudio.jar
2015-12-16 02:42:13.924+0000 INFO  [o.n.k.i.DiagnosticsManager]:  [classpath + loader.0] file:/Users/MacbookAir/Rails/neo4friends/db/neo4j/development/lib/neo4j-kernel-2.2.7.jar
2015-12-16 02:42:13.924+0000 INFO  [o.n.k.i.DiagnosticsManager]:  [loader.1] file:/System/Library/Java/Extensions/libJ3DUtils.jnilib
2015-12-16 02:42:13.924+0000 INFO  [o.n.k.i.DiagnosticsManager]:  [classpath + loader.0] file:/Users/MacbookAir/Rails/neo4friends/db/neo4j/development/system/lib/jersey-servlet-1.19.jar
2015-12-16 02:42:13.924+0000 INFO  [o.n.k.i.DiagnosticsManager]:  [classpath + loader.0] file:/Users/MacbookAir/Rails/neo4friends/db/neo4j/development/system/lib/bcprov-jdk16-140.jar
2015-12-16 02:42:13.924+0000 INFO  [o.n.k.i.DiagnosticsManager]:  [classpath + loader.0] file:/Users/MacbookAir/Rails/neo4friends/db/neo4j/development/system/lib/jetty-http-9.2.4.v20141103.jar
2015-12-16 02:42:13.924+0000 INFO  [o.n.k.i.DiagnosticsManager]:  [loader.1] file:/System/Library/Java/Extensions/j3dcore.jar
2015-12-16 02:42:13.924+0000 INFO  [o.n.k.i.DiagnosticsManager]:  [classpath + loader.0] file:/Users/MacbookAir/Rails/neo4friends/db/neo4j/development/system/lib/jackson-core-asl-1.9.13.jar
2015-12-16 02:42:13.924+0000 INFO  [o.n.k.i.DiagnosticsManager]:  [classpath + loader.0] file:/Users/MacbookAir/Rails/neo4friends/db/neo4j/development/system/lib/commons-io-2.4.jar
2015-12-16 02:42:13.925+0000 INFO  [o.n.k.i.DiagnosticsManager]:  [classpath + loader.0] file:/Users/MacbookAir/Rails/neo4friends/db/neo4j/development/lib/neo4j-udc-2.2.7.jar
2015-12-16 02:42:13.925+0000 INFO  [o.n.k.i.DiagnosticsManager]:  [classpath + loader.0] file:/Users/MacbookAir/Rails/neo4friends/db/neo4j/development/lib/server-api-2.2.7.jar
2015-12-16 02:42:13.925+0000 INFO  [o.n.k.i.DiagnosticsManager]:  [classpath + loader.0] file:/Users/MacbookAir/Rails/neo4friends/db/neo4j/development/lib/neo4j-consistency-check-2.2.7.jar
2015-12-16 02:42:13.925+0000 INFO  [o.n.k.i.DiagnosticsManager]:  [loader.1] file:/usr/lib/java/libjdns_sd.jnilib
2015-12-16 02:42:13.925+0000 INFO  [o.n.k.i.DiagnosticsManager]:  [classpath + loader.0] file:/Users/MacbookAir/Rails/neo4friends/db/neo4j/development/system/lib/rhino-1.7R4.jar
2015-12-16 02:42:13.925+0000 INFO  [o.n.k.i.DiagnosticsManager]:  [classpath + loader.0] file:/Users/MacbookAir/Rails/neo4friends/db/neo4j/development/system/lib/jersey-server-1.19.jar
2015-12-16 02:42:13.925+0000 INFO  [o.n.k.i.DiagnosticsManager]:  [loader.1] file:/System/Library/Java/Extensions/j3dutils.jar
2015-12-16 02:42:13.925+0000 INFO  [o.n.k.i.DiagnosticsManager]:  [loader.1] file:/System/Library/Java/Extensions/jai_core.jar
2015-12-16 02:42:13.925+0000 INFO  [o.n.k.i.DiagnosticsManager]:  [classpath + loader.0] file:/Users/MacbookAir/Rails/neo4friends/db/neo4j/development/system/lib/jetty-io-9.2.4.v20141103.jar
2015-12-16 02:42:13.925+0000 INFO  [o.n.k.i.DiagnosticsManager]:  [classpath + loader.0] file:/Users/MacbookAir/Rails/neo4friends/db/neo4j/development/lib/scala-library-2.10.5.jar
2015-12-16 02:42:13.925+0000 INFO  [o.n.k.i.DiagnosticsManager]:  [bootstrap] /Library/Internet Plug-Ins/JavaAppletPlugin.plugin/Contents/Home/lib/sunrsasign.jar
2015-12-16 02:42:13.925+0000 INFO  [o.n.k.i.DiagnosticsManager]:  [classpath + loader.0] file:/Users/MacbookAir/Rails/neo4friends/db/neo4j/development/system/lib/jetty-servlet-9.2.4.v20141103.jar
2015-12-16 02:42:13.925+0000 INFO  [o.n.k.i.DiagnosticsManager]:  [loader.1] file:/Library/Internet%20Plug-Ins/JavaAppletPlugin.plugin/Contents/Home/lib/ext/zipfs.jar
2015-12-16 02:42:13.925+0000 INFO  [o.n.k.i.DiagnosticsManager]:  [bootstrap] /Library/Internet Plug-Ins/JavaAppletPlugin.plugin/Contents/Home/classes
2015-12-16 02:42:13.925+0000 INFO  [o.n.k.i.DiagnosticsManager]:  [loader.1] file:/System/Library/Java/Extensions/jai_codec.jar
2015-12-16 02:42:13.925+0000 INFO  [o.n.k.i.DiagnosticsManager]:  [classpath + loader.0] file:/Users/MacbookAir/Rails/neo4friends/db/neo4j/development/lib/neo4j-cypher-2.2.7.jar
2015-12-16 02:42:13.925+0000 INFO  [o.n.k.i.DiagnosticsManager]:  [classpath + loader.0] file:/Users/MacbookAir/Rails/neo4friends/db/neo4j/development/lib/concurrentlinkedhashmap-lru-1.4.jar
2015-12-16 02:42:13.925+0000 INFO  [o.n.k.i.DiagnosticsManager]:  [classpath + loader.0] file:/Users/MacbookAir/Rails/neo4friends/db/neo4j/development/system/lib/logback-core-1.1.2.jar
2015-12-16 02:42:13.925+0000 INFO  [o.n.k.i.DiagnosticsManager]:  [classpath + loader.0] file:/Users/MacbookAir/Rails/neo4friends/db/neo4j/development/lib/neo4j-jmx-2.2.7.jar
2015-12-16 02:42:13.925+0000 INFO  [o.n.k.i.DiagnosticsManager]:  [classpath + loader.0] file:/Users/MacbookAir/Rails/neo4friends/db/neo4j/development/lib/lucene-core-3.6.2.jar
2015-12-16 02:42:13.926+0000 INFO  [o.n.k.i.DiagnosticsManager]:  [classpath + loader.0] file:/Users/MacbookAir/Rails/neo4friends/db/neo4j/development/system/lib/janino-2.6.1.jar
2015-12-16 02:42:13.926+0000 INFO  [o.n.k.i.DiagnosticsManager]:  [classpath + loader.0] file:/Users/MacbookAir/Rails/neo4friends/db/neo4j/development/system/lib/jetty-security-9.2.4.v20141103.jar
2015-12-16 02:42:13.926+0000 INFO  [o.n.k.i.DiagnosticsManager]:  [classpath + loader.0] file:/Users/MacbookAir/Rails/neo4friends/db/neo4j/development/system/lib/commons-configuration-1.10.jar
2015-12-16 02:42:13.926+0000 INFO  [o.n.k.i.DiagnosticsManager]:  [classpath + loader.0] file:/Users/MacbookAir/Rails/neo4friends/db/neo4j/development/lib/neo4j-import-tool-2.2.7.jar
2015-12-16 02:42:13.926+0000 INFO  [o.n.k.i.DiagnosticsManager]:  [loader.1] file:/Library/Internet%20Plug-Ins/JavaAppletPlugin.plugin/Contents/Home/lib/ext/sunpkcs11.jar
2015-12-16 02:42:13.926+0000 INFO  [o.n.k.i.DiagnosticsManager]:  [loader.1] file:/Library/Internet%20Plug-Ins/JavaAppletPlugin.plugin/Contents/Home/lib/ext/localedata.jar
2015-12-16 02:42:13.926+0000 INFO  [o.n.k.i.DiagnosticsManager]:  [classpath + loader.0] file:/Users/MacbookAir/Rails/neo4friends/db/neo4j/development/system/lib/jcl-over-slf4j-1.7.7.jar
2015-12-16 02:42:13.926+0000 INFO  [o.n.k.i.DiagnosticsManager]:  [classpath + loader.0] file:/Users/MacbookAir/Rails/neo4friends/db/neo4j/development/system/lib/commons-compiler-2.6.1.jar
2015-12-16 02:42:13.926+0000 INFO  [o.n.k.i.DiagnosticsManager]:  [classpath + loader.0] file:/Users/MacbookAir/Rails/neo4friends/db/neo4j/development/lib/neo4j-graph-algo-2.2.7.jar
2015-12-16 02:42:13.926+0000 INFO  [o.n.k.i.DiagnosticsManager]:  [classpath + loader.0] file:/Users/MacbookAir/Rails/neo4friends/db/neo4j/development/system/lib/commons-logging-1.1.1.jar
2015-12-16 02:42:13.926+0000 INFO  [o.n.k.i.DiagnosticsManager]:  [classpath + loader.0] file:/Users/MacbookAir/Rails/neo4friends/db/neo4j/development/system/lib/commons-beanutils-1.8.3.jar
2015-12-16 02:42:13.926+0000 INFO  [o.n.k.i.DiagnosticsManager]:  [classpath + loader.0] file:/Users/MacbookAir/Rails/neo4friends/db/neo4j/development/system/lib/jetty-xml-9.2.4.v20141103.jar
2015-12-16 02:42:13.926+0000 INFO  [o.n.k.i.DiagnosticsManager]:  [loader.1] file:/System/Library/Java/Extensions/AppleScriptEngine.jar
2015-12-16 02:42:13.926+0000 INFO  [o.n.k.i.DiagnosticsManager]:  [classpath + loader.0] file:/Users/MacbookAir/Rails/neo4friends/db/neo4j/development/system/lib/rrd4j-2.2.jar
2015-12-16 02:42:13.926+0000 INFO  [o.n.k.i.DiagnosticsManager]:  [loader.1] file:/Library/Internet%20Plug-Ins/JavaAppletPlugin.plugin/Contents/Home/lib/ext/dnsns.jar
2015-12-16 02:42:13.926+0000 INFO  [o.n.k.i.DiagnosticsManager]:  [classpath + loader.0] file:/Users/MacbookAir/Rails/neo4friends/db/neo4j/development/conf/
2015-12-16 02:42:13.926+0000 INFO  [o.n.k.i.DiagnosticsManager]:  [classpath + loader.0] file:/Users/MacbookAir/Rails/neo4friends/db/neo4j/development/system/lib/logback-classic-1.1.2.jar
2015-12-16 02:42:13.926+0000 INFO  [o.n.k.i.DiagnosticsManager]:  [bootstrap] /Library/Internet Plug-Ins/JavaAppletPlugin.plugin/Contents/Home/lib/jfr.jar
2015-12-16 02:42:13.926+0000 INFO  [o.n.k.i.DiagnosticsManager]:  [classpath + loader.0] file:/Users/MacbookAir/Rails/neo4friends/db/neo4j/development/system/lib/neo4j-server-2.2.7.jar
2015-12-16 02:42:13.927+0000 INFO  [o.n.k.i.DiagnosticsManager]:  [classpath + loader.0] file:/Users/MacbookAir/Rails/neo4friends/db/neo4j/development/system/lib/jersey-core-1.19.jar
2015-12-16 02:42:13.927+0000 INFO  [o.n.k.i.DiagnosticsManager]:  [classpath + loader.0] file:/Users/MacbookAir/Rails/neo4friends/db/neo4j/development/lib/neo4j-cypher-compiler-1.9-2.0.4.jar
2015-12-16 02:42:13.927+0000 INFO  [o.n.k.i.DiagnosticsManager]:  [classpath + loader.0] file:/Users/MacbookAir/Rails/neo4friends/db/neo4j/development/system/lib/commons-lang-2.6.jar
2015-12-16 02:42:13.927+0000 INFO  [o.n.k.i.DiagnosticsManager]:  [classpath + loader.0] file:/Users/MacbookAir/Rails/neo4friends/db/neo4j/development/lib/neo4j-primitive-collections-2.2.7.jar
2015-12-16 02:42:13.927+0000 INFO  [o.n.k.i.DiagnosticsManager]:  [classpath + loader.0] file:/Users/MacbookAir/Rails/neo4friends/db/neo4j/development/system/lib/scala-reflect-2.10.5.jar
2015-12-16 02:42:13.927+0000 INFO  [o.n.k.i.DiagnosticsManager]:  [classpath + loader.0] file:/Users/MacbookAir/Rails/neo4friends/db/neo4j/development/system/lib/neo4j-browser-2.2.7.jar
2015-12-16 02:42:13.927+0000 INFO  [o.n.k.i.DiagnosticsManager]:  [classpath + loader.0] file:/Users/MacbookAir/Rails/neo4friends/db/neo4j/development/lib/opencsv-2.3.jar
2015-12-16 02:42:13.927+0000 INFO  [o.n.k.i.DiagnosticsManager]:  [classpath + loader.0] file:/Users/MacbookAir/Rails/neo4friends/db/neo4j/development/lib/neo4j-unsafe-2.2.7.jar
2015-12-16 02:42:13.927+0000 INFO  [o.n.k.i.DiagnosticsManager]: Library path:
2015-12-16 02:42:13.927+0000 INFO  [o.n.k.i.DiagnosticsManager]: /Users/MacbookAir/Library/Java/Extensions
2015-12-16 02:42:13.927+0000 INFO  [o.n.k.i.DiagnosticsManager]: /Library/Java/Extensions
2015-12-16 02:42:13.927+0000 INFO  [o.n.k.i.DiagnosticsManager]: /Network/Library/Java/Extensions
2015-12-16 02:42:13.928+0000 INFO  [o.n.k.i.DiagnosticsManager]: /System/Library/Java/Extensions
2015-12-16 02:42:13.928+0000 INFO  [o.n.k.i.DiagnosticsManager]: /usr/lib/java
2015-12-16 02:42:13.928+0000 INFO  [o.n.k.i.DiagnosticsManager]: /Users/MacbookAir/Rails/neo4friends/db/neo4j/development
2015-12-16 02:42:13.928+0000 INFO  [o.n.k.i.DiagnosticsManager]: System.properties:
2015-12-16 02:42:13.929+0000 INFO  [o.n.k.i.DiagnosticsManager]: sun.boot.library.path = /Library/Internet Plug-Ins/JavaAppletPlugin.plugin/Contents/Home/lib
2015-12-16 02:42:13.929+0000 INFO  [o.n.k.i.DiagnosticsManager]: user.country.format = CA
2015-12-16 02:42:13.929+0000 INFO  [o.n.k.i.DiagnosticsManager]: org.neo4j.server.properties = conf/neo4j-server.properties
2015-12-16 02:42:13.929+0000 INFO  [o.n.k.i.DiagnosticsManager]: gopherProxySet = false
2015-12-16 02:42:13.929+0000 INFO  [o.n.k.i.DiagnosticsManager]: path.separator = :
2015-12-16 02:42:13.929+0000 INFO  [o.n.k.i.DiagnosticsManager]: file.encoding.pkg = sun.io
2015-12-16 02:42:13.929+0000 INFO  [o.n.k.i.DiagnosticsManager]: user.country = US
2015-12-16 02:42:13.929+0000 INFO  [o.n.k.i.DiagnosticsManager]: sun.java.launcher = SUN_STANDARD
2015-12-16 02:42:13.929+0000 INFO  [o.n.k.i.DiagnosticsManager]: sun.os.patch.level = unknown
2015-12-16 02:42:13.929+0000 INFO  [o.n.k.i.DiagnosticsManager]: user.dir = /Users/MacbookAir/Rails/neo4friends/db/neo4j/development
2015-12-16 02:42:13.929+0000 INFO  [o.n.k.i.DiagnosticsManager]: neo4j.ext.udc.source = tarball
2015-12-16 02:42:13.929+0000 INFO  [o.n.k.i.DiagnosticsManager]: sun.jnu.encoding = UTF-8
2015-12-16 02:42:13.929+0000 INFO  [o.n.k.i.DiagnosticsManager]: sun.management.compiler = HotSpot 64-Bit Tiered Compilers
2015-12-16 02:42:13.930+0000 INFO  [o.n.k.i.DiagnosticsManager]: http.nonProxyHosts = local|*.local|169.254/16|*.169.254/16
2015-12-16 02:42:13.930+0000 INFO  [o.n.k.i.DiagnosticsManager]: user.home = /Users/MacbookAir
2015-12-16 02:42:13.930+0000 INFO  [o.n.k.i.DiagnosticsManager]: user.timezone = America/Vancouver
2015-12-16 02:42:13.930+0000 INFO  [o.n.k.i.DiagnosticsManager]: file.encoding = UTF-8
2015-12-16 02:42:13.930+0000 INFO  [o.n.k.i.DiagnosticsManager]: user.name = MacbookAir
2015-12-16 02:42:13.930+0000 INFO  [o.n.k.i.DiagnosticsManager]: sun.java.command = org.neo4j.server.Bootstrapper
2015-12-16 02:42:13.930+0000 INFO  [o.n.k.i.DiagnosticsManager]: sun.arch.data.model = 64
2015-12-16 02:42:13.930+0000 INFO  [o.n.k.i.DiagnosticsManager]: user.language = en
2015-12-16 02:42:13.930+0000 INFO  [o.n.k.i.DiagnosticsManager]: awt.toolkit = sun.lwawt.macosx.LWCToolkit
2015-12-16 02:42:13.930+0000 INFO  [o.n.k.i.DiagnosticsManager]: file.separator = /
2015-12-16 02:42:13.930+0000 INFO  [o.n.k.i.DiagnosticsManager]: sun.io.unicode.encoding = UnicodeBig
2015-12-16 02:42:13.930+0000 INFO  [o.n.k.i.DiagnosticsManager]: sun.cpu.endian = little
2015-12-16 02:42:13.930+0000 INFO  [o.n.k.i.DiagnosticsManager]: socksNonProxyHosts = local|*.local|169.254/16|*.169.254/16
2015-12-16 02:42:13.930+0000 INFO  [o.n.k.i.DiagnosticsManager]: neo4j.instance = /Users/MacbookAir/Rails/neo4friends/db/neo4j/development
2015-12-16 02:42:13.930+0000 INFO  [o.n.k.i.DiagnosticsManager]: ftp.nonProxyHosts = local|*.local|169.254/16|*.169.254/16
2015-12-16 02:42:13.930+0000 INFO  [o.n.k.i.DiagnosticsManager]: neo4j.home = /Users/MacbookAir/Rails/neo4friends/db/neo4j/development
2015-12-16 02:42:13.930+0000 INFO  [o.n.k.i.DiagnosticsManager]: sun.cpu.isalist = 
2015-12-16 02:42:13.930+0000 INFO  [o.n.k.i.DiagnosticsManager]: Network information:
2015-12-16 02:42:13.938+0000 INFO  [o.n.k.i.DiagnosticsManager]: Interface ham0:
2015-12-16 02:42:13.938+0000 INFO  [o.n.k.i.DiagnosticsManager]:     address: 2620:9b:0:0:0:0:1920:37a7
2015-12-16 02:42:13.938+0000 INFO  [o.n.k.i.DiagnosticsManager]:     address: fe80:0:0:0:7879:19ff:fe20:37a7%9
2015-12-16 02:42:13.938+0000 INFO  [o.n.k.i.DiagnosticsManager]:     address: 25.32.55.167
2015-12-16 02:42:13.939+0000 INFO  [o.n.k.i.DiagnosticsManager]: Interface en0:
2015-12-16 02:42:13.939+0000 INFO  [o.n.k.i.DiagnosticsManager]:     address: fe80:0:0:0:2a37:37ff:fe18:b7dc%4
2015-12-16 02:42:13.939+0000 INFO  [o.n.k.i.DiagnosticsManager]:     address: 192.168.100.100
2015-12-16 02:42:13.939+0000 INFO  [o.n.k.i.DiagnosticsManager]: Interface lo0:
2015-12-16 02:42:13.939+0000 INFO  [o.n.k.i.DiagnosticsManager]:     address: fe80:0:0:0:0:0:0:1%1
2015-12-16 02:42:13.939+0000 INFO  [o.n.k.i.DiagnosticsManager]:     address: 0:0:0:0:0:0:0:1
2015-12-16 02:42:13.939+0000 INFO  [o.n.k.i.DiagnosticsManager]:     address: 127.0.0.1
2015-12-16 02:42:13.939+0000 INFO  [o.n.k.i.DiagnosticsManager]: --- INITIALIZED diagnostics END ---
2015-12-16 02:42:14.271+0000 INFO  [o.n.k.i.s.StoreFactory]: Creating new db @ /Users/MacbookAir/Rails/neo4friends/db/neo4j/development/data/graph.db/neostore
2015-12-16 02:42:14.842+0000 INFO  [o.n.k.a.i.i.LuceneLabelScanStore]: No lucene scan store index found, this might just be first use. Preparing to rebuild.
2015-12-16 02:42:14.980+0000 INFO  [o.n.k.NeoStoreDataSource]: Opened logical log [/Users/MacbookAir/Rails/neo4friends/db/neo4j/development/data/graph.db/neostore.transaction.db.0] version=0, lastTxId=1 (clean)
2015-12-16 02:42:14.988+0000 WARN  [o.n.k.i.s.StoreFactory]: Missing counts store, rebuilding it.
2015-12-16 02:42:15.116+0000 INFO  [o.n.k.a.i.i.LuceneLabelScanStore]: Rebuilding lucene scan store, this may take a while
2015-12-16 02:42:15.120+0000 INFO  [o.n.k.a.i.i.LuceneLabelScanStore]: Lucene scan store rebuilt (roughly -1 nodes)
2015-12-16 02:42:15.130+0000 INFO  [o.n.k.KernelHealth]: Kernel health set to OK
2015-12-16 02:42:16.456+0000 INFO  [o.n.k.i.DiagnosticsManager]: --- STARTED diagnostics for KernelDiagnostics:Versions START ---
2015-12-16 02:42:16.456+0000 INFO  [o.n.k.i.DiagnosticsManager]: Graph Database: org.neo4j.kernel.EmbeddedGraphDatabase StoreId{creationTime=1450233734270, randomId=7830700906910444409, storeVersion=14969031248344582, upgradeTime=1450233734270, upgradeId=1}
2015-12-16 02:42:16.456+0000 INFO  [o.n.k.i.DiagnosticsManager]: Kernel version: Neo4j - Graph Database Kernel (neo4j-kernel), version: 2.2.7
2015-12-16 02:42:16.456+0000 INFO  [o.n.k.i.DiagnosticsManager]: Neo4j component versions:
2015-12-16 02:42:16.467+0000 INFO  [o.n.k.i.DiagnosticsManager]:   Neo4j - Lucene Index (neo4j-lucene-index), version: 2.2.7; revision: 2.2.7:${git.commit.id.branch}:288/${git.commit.id}
2015-12-16 02:42:16.467+0000 INFO  [o.n.k.i.DiagnosticsManager]:   Neo4j - JMX support (neo4j-jmx), version: 2.2.7; revision: 2.2.7:${git.commit.id.branch}:288/${git.commit.id}
2015-12-16 02:42:16.467+0000 INFO  [o.n.k.i.DiagnosticsManager]:   Neo4j - Graph Matching (neo4j-graph-matching), version: 2.2.7; revision: 2.2.7:${git.commit.id.branch}:288/${git.commit.id}
2015-12-16 02:42:16.467+0000 INFO  [o.n.k.i.DiagnosticsManager]:   Neo4j - Cypher Compiler 2.1 (neo4j-cypher-compiler-2.1), version: 2.1.8; revision: 2.1.8:2.1-maint:687/5c83ce3a5ddf33259593f719153ce71a6fe89fc7
2015-12-16 02:42:16.467+0000 INFO  [o.n.k.i.DiagnosticsManager]:   Neo4j - Server API (server-api), version: 2.2.7; revision: 2.2.7:${git.commit.id.branch}:288/${git.commit.id}
2015-12-16 02:42:16.467+0000 INFO  [o.n.k.i.DiagnosticsManager]:   Neo4j - Import Command Line Tool (neo4j-import-tool), version: 2.2.7; revision: 2.2.7:${git.commit.id.branch}:288/${git.commit.id}
2015-12-16 02:42:16.467+0000 INFO  [o.n.k.i.DiagnosticsManager]:   Neo4j - Graph Database Kernel (neo4j-kernel), version: 2.2.7; revision: 2.2.7:2.2:288/28286ece6673097f20b7ff258fa387772e663f6c-dirty
2015-12-16 02:42:16.467+0000 INFO  [o.n.k.i.DiagnosticsManager]:   Neo4j - Cypher (neo4j-cypher), version: 2.2.7; revision: 2.2.7:${git.commit.id.branch}:288/${git.commit.id}
2015-12-16 02:42:16.467+0000 INFO  [o.n.k.i.DiagnosticsManager]:   Neo4j - Server (neo4j-server), version: 2.2.7; revision: 2.2.7:${git.commit.id.branch}:288/${git.commit.id}
2015-12-16 02:42:16.467+0000 INFO  [o.n.k.i.DiagnosticsManager]:   Neo4j - Graph Algorithms (neo4j-graph-algo), version: 2.2.7; revision: 2.2.7:${git.commit.id.branch}:288/${git.commit.id}
2015-12-16 02:42:16.467+0000 INFO  [o.n.k.i.DiagnosticsManager]:   Neo4j - Cypher Compiler 2.2 (neo4j-cypher-compiler-2.2), version: 2.2.7; revision: 2.2.7:${git.commit.id.branch}:288/${git.commit.id}
2015-12-16 02:42:16.467+0000 INFO  [o.n.k.i.DiagnosticsManager]:   Neo4j - Cypher Compiler 2.0 (neo4j-cypher-compiler-2.0), version: 2.0.4; revision: 2.0.4:2.0-maint:130/4a7d10bc274a5d26a180bbe9df25100e8a694748
2015-12-16 02:42:16.467+0000 INFO  [o.n.k.i.DiagnosticsManager]:   Neo4j - Consistency Checker (neo4j-consistency-check), version: 2.2.7; revision: 2.2.7:${git.commit.id.branch}:288/${git.commit.id}
2015-12-16 02:42:16.467+0000 INFO  [o.n.k.i.DiagnosticsManager]:   Neo4j - Generic shell (neo4j-shell), version: 2.2.7; revision: 2.2.7:${git.commit.id.branch}:288/${git.commit.id}
2015-12-16 02:42:16.467+0000 INFO  [o.n.k.i.DiagnosticsManager]:   Neo4j - Cypher Compiler 1.9 (neo4j-cypher-compiler-1.9), version: 2.0.4; revision: 2.0.4:2.0-maint:130/4a7d10bc274a5d26a180bbe9df25100e8a694748
2015-12-16 02:42:16.468+0000 INFO  [o.n.k.i.DiagnosticsManager]:   neo4j-udc, version: 2.2.7; revision: 2.2.7:${git.commit.id.branch}:288/${git.commit.id}
2015-12-16 02:42:16.468+0000 INFO  [o.n.k.i.DiagnosticsManager]: --- STARTED diagnostics for KernelDiagnostics:Versions END ---
2015-12-16 02:42:16.471+0000 INFO  [o.n.k.i.DiagnosticsManager]: --- STARTED diagnostics for NEO_STORE_VERSIONS START ---
2015-12-16 02:42:16.472+0000 INFO  [o.n.k.i.DiagnosticsManager]: Store versions:
2015-12-16 02:42:16.472+0000 INFO  [o.n.k.i.DiagnosticsManager]: Store versions:
2015-12-16 02:42:16.472+0000 INFO  [o.n.k.i.DiagnosticsManager]:   NeoStore v0.A.5
2015-12-16 02:42:16.472+0000 INFO  [o.n.k.i.DiagnosticsManager]:   SchemaStore v0.A.5
2015-12-16 02:42:16.472+0000 INFO  [o.n.k.i.DiagnosticsManager]:   NodeStore v0.A.5
2015-12-16 02:42:16.475+0000 INFO  [o.n.k.i.DiagnosticsManager]:   RelationshipStore v0.A.5
2015-12-16 02:42:16.475+0000 INFO  [o.n.k.i.DiagnosticsManager]:   RelationshipTypeStore v0.A.5
2015-12-16 02:42:16.476+0000 INFO  [o.n.k.i.DiagnosticsManager]:   LabelTokenStore v0.A.5
2015-12-16 02:42:16.476+0000 INFO  [o.n.k.i.DiagnosticsManager]:   PropertyStore v0.A.5
2015-12-16 02:42:16.476+0000 INFO  [o.n.k.i.DiagnosticsManager]:   PropertyIndexStore v0.A.5
2015-12-16 02:42:16.476+0000 INFO  [o.n.k.i.DiagnosticsManager]:   StringPropertyStore v0.A.5
2015-12-16 02:42:16.476+0000 INFO  [o.n.k.i.DiagnosticsManager]:   ArrayPropertyStore v0.A.5
2015-12-16 02:42:16.476+0000 INFO  [o.n.k.i.DiagnosticsManager]:   RelationshipGroupStore v0.A.5
2015-12-16 02:42:16.476+0000 INFO  [o.n.k.i.DiagnosticsManager]: --- STARTED diagnostics for NEO_STORE_VERSIONS END ---
2015-12-16 02:42:16.476+0000 INFO  [o.n.k.i.DiagnosticsManager]: --- STARTED diagnostics for NEO_STORE_ID_USAGE START ---
2015-12-16 02:42:16.476+0000 INFO  [o.n.k.i.DiagnosticsManager]: Id usage:
2015-12-16 02:42:16.477+0000 INFO  [o.n.k.i.DiagnosticsManager]: Id usage:
2015-12-16 02:42:16.477+0000 INFO  [o.n.k.i.DiagnosticsManager]:   SchemaStore: used=1 high=0
2015-12-16 02:42:16.477+0000 INFO  [o.n.k.i.DiagnosticsManager]:   NodeStore: used=0 high=-1
2015-12-16 02:42:16.477+0000 INFO  [o.n.k.i.DiagnosticsManager]:   RelationshipStore: used=0 high=-1
2015-12-16 02:42:16.478+0000 INFO  [o.n.k.i.DiagnosticsManager]:   RelationshipTypeStore: used=0 high=-1
2015-12-16 02:42:16.478+0000 INFO  [o.n.k.i.DiagnosticsManager]:   LabelTokenStore: used=0 high=-1
2015-12-16 02:42:16.478+0000 INFO  [o.n.k.i.DiagnosticsManager]:   PropertyStore: used=0 high=-1
2015-12-16 02:42:16.479+0000 INFO  [o.n.k.i.DiagnosticsManager]:   PropertyIndexStore: used=0 high=-1
2015-12-16 02:42:16.479+0000 INFO  [o.n.k.i.DiagnosticsManager]:   StringPropertyStore: used=1 high=0
2015-12-16 02:42:16.479+0000 INFO  [o.n.k.i.DiagnosticsManager]:   ArrayPropertyStore: used=1 high=0
2015-12-16 02:42:16.479+0000 INFO  [o.n.k.i.DiagnosticsManager]:   RelationshipGroupStore: used=1 high=0
2015-12-16 02:42:16.479+0000 INFO  [o.n.k.i.DiagnosticsManager]: --- STARTED diagnostics for NEO_STORE_ID_USAGE END ---
2015-12-16 02:42:16.479+0000 INFO  [o.n.k.i.DiagnosticsManager]: --- STARTED diagnostics for NEO_STORE_RECORDS START ---
2015-12-16 02:42:16.479+0000 INFO  [o.n.k.i.DiagnosticsManager]: Neostore records:
2015-12-16 02:42:16.480+0000 INFO  [o.n.k.i.DiagnosticsManager]: TIME (Creation time): 1450233734270
2015-12-16 02:42:16.480+0000 INFO  [o.n.k.i.DiagnosticsManager]: RANDOM_NUMBER (Random number for store id): 7830700906910444409
2015-12-16 02:42:16.481+0000 INFO  [o.n.k.i.DiagnosticsManager]: LOG_VERSION (Current log version): 0
2015-12-16 02:42:16.481+0000 INFO  [o.n.k.i.DiagnosticsManager]: LAST_TRANSACTION_ID (Last committed transaction): 1
2015-12-16 02:42:16.481+0000 INFO  [o.n.k.i.DiagnosticsManager]: STORE_VERSION (Store format version): 14969031248344582
2015-12-16 02:42:16.481+0000 INFO  [o.n.k.i.DiagnosticsManager]: FIRST_GRAPH_PROPERTY (First property record containing graph properties): -1
2015-12-16 02:42:16.481+0000 INFO  [o.n.k.i.DiagnosticsManager]: LAST_CONSTRAINT_TRANSACTION (Last committed transaction containing constraint changes): 0
2015-12-16 02:42:16.481+0000 INFO  [o.n.k.i.DiagnosticsManager]: UPGRADE_TRANSACTION_ID (Transaction id most recent upgrade was performed at): 1
2015-12-16 02:42:16.481+0000 INFO  [o.n.k.i.DiagnosticsManager]: UPGRADE_TIME (Time of last upgrade): 1450233734270
2015-12-16 02:42:16.481+0000 INFO  [o.n.k.i.DiagnosticsManager]: LAST_TRANSACTION_CHECKSUM (Checksum of last committed transaction): 0
2015-12-16 02:42:16.481+0000 INFO  [o.n.k.i.DiagnosticsManager]: UPGRADE_TRANSACTION_CHECKSUM (Checksum of transaction id the most recent upgrade was performed at): 0
2015-12-16 02:42:16.481+0000 INFO  [o.n.k.i.DiagnosticsManager]: --- STARTED diagnostics for NEO_STORE_RECORDS END ---
2015-12-16 02:42:16.481+0000 INFO  [o.n.k.i.DiagnosticsManager]: --- STARTED diagnostics for TRANSACTION_RANGE START ---
2015-12-16 02:42:16.481+0000 INFO  [o.n.k.i.DiagnosticsManager]: Transaction log:
2015-12-16 02:42:16.482+0000 INFO  [o.n.k.i.DiagnosticsManager]: No transactions found in any log
2015-12-16 02:42:16.483+0000 INFO  [o.n.k.i.DiagnosticsManager]: --- STARTED diagnostics for TRANSACTION_RANGE END ---
2015-12-16 02:42:16.483+0000 INFO  [o.n.k.i.DiagnosticsManager]: --- STARTED diagnostics for KernelDiagnostics:StoreFiles START ---
2015-12-16 02:42:16.483+0000 INFO  [o.n.k.i.DiagnosticsManager]: Disk space on partition (Total / Free / Free %): 120473067520 / 15729848320 / 13
Storage files: (filename : modification date - size)
2015-12-16 02:42:16.485+0000 INFO  [o.n.k.i.DiagnosticsManager]:   index:
2015-12-16 02:42:16.486+0000 INFO  [o.n.k.i.DiagnosticsManager]:   - Total: 2015-12-15T18:42:14-0800 - 0.00 B
2015-12-16 02:42:16.486+0000 INFO  [o.n.k.i.DiagnosticsManager]:   lock: 2015-12-15T18:42:14-0800 - 0.00 B
2015-12-16 02:42:16.486+0000 INFO  [o.n.k.i.DiagnosticsManager]:   messages.log: 2015-12-15T18:42:16-0800 - 37.92 kB
2015-12-16 02:42:16.487+0000 INFO  [o.n.k.i.DiagnosticsManager]:   neostore: 2015-12-15T18:42:14-0800 - 99.00 B
2015-12-16 02:42:16.487+0000 INFO  [o.n.k.i.DiagnosticsManager]:   neostore.counts.db.a: 2015-12-15T18:42:15-0800 - 114.00 B
2015-12-16 02:42:16.488+0000 INFO  [o.n.k.i.DiagnosticsManager]:   neostore.id: 2015-12-15T18:42:14-0800 - 9.00 B
2015-12-16 02:42:16.488+0000 INFO  [o.n.k.i.DiagnosticsManager]:   neostore.labeltokenstore.db: 2015-12-15T18:42:14-0800 - 0.00 B
2015-12-16 02:42:16.489+0000 INFO  [o.n.k.i.DiagnosticsManager]:   neostore.labeltokenstore.db.id: 2015-12-15T18:42:14-0800 - 9.00 B
2015-12-16 02:42:16.489+0000 INFO  [o.n.k.i.DiagnosticsManager]:   neostore.labeltokenstore.db.names: 2015-12-15T18:42:14-0800 - 38.00 B
2015-12-16 02:42:16.489+0000 INFO  [o.n.k.i.DiagnosticsManager]:   neostore.labeltokenstore.db.names.id: 2015-12-15T18:42:14-0800 - 9.00 B
2015-12-16 02:42:16.490+0000 INFO  [o.n.k.i.DiagnosticsManager]:   neostore.nodestore.db: 2015-12-15T18:42:14-0800 - 0.00 B
2015-12-16 02:42:16.490+0000 INFO  [o.n.k.i.DiagnosticsManager]:   neostore.nodestore.db.id: 2015-12-15T18:42:14-0800 - 9.00 B
2015-12-16 02:42:16.491+0000 INFO  [o.n.k.i.DiagnosticsManager]:   neostore.nodestore.db.labels: 2015-12-15T18:42:14-0800 - 68.00 B
2015-12-16 02:42:16.491+0000 INFO  [o.n.k.i.DiagnosticsManager]:   neostore.nodestore.db.labels.id: 2015-12-15T18:42:14-0800 - 9.00 B
2015-12-16 02:42:16.491+0000 INFO  [o.n.k.i.DiagnosticsManager]:   neostore.propertystore.db: 2015-12-15T18:42:14-0800 - 0.00 B
2015-12-16 02:42:16.492+0000 INFO  [o.n.k.i.DiagnosticsManager]:   neostore.propertystore.db.arrays: 2015-12-15T18:42:14-0800 - 128.00 B
2015-12-16 02:42:16.492+0000 INFO  [o.n.k.i.DiagnosticsManager]:   neostore.propertystore.db.arrays.id: 2015-12-15T18:42:14-0800 - 9.00 B
2015-12-16 02:42:16.493+0000 INFO  [o.n.k.i.DiagnosticsManager]:   neostore.propertystore.db.id: 2015-12-15T18:42:14-0800 - 9.00 B
2015-12-16 02:42:16.493+0000 INFO  [o.n.k.i.DiagnosticsManager]:   neostore.propertystore.db.index: 2015-12-15T18:42:14-0800 - 0.00 B
2015-12-16 02:42:16.493+0000 INFO  [o.n.k.i.DiagnosticsManager]:   neostore.propertystore.db.index.id: 2015-12-15T18:42:14-0800 - 9.00 B
2015-12-16 02:42:16.494+0000 INFO  [o.n.k.i.DiagnosticsManager]:   neostore.propertystore.db.index.keys: 2015-12-15T18:42:14-0800 - 38.00 B
2015-12-16 02:42:16.494+0000 INFO  [o.n.k.i.DiagnosticsManager]:   neostore.propertystore.db.index.keys.id: 2015-12-15T18:42:14-0800 - 9.00 B
2015-12-16 02:42:16.494+0000 INFO  [o.n.k.i.DiagnosticsManager]:   neostore.propertystore.db.strings: 2015-12-15T18:42:14-0800 - 128.00 B
2015-12-16 02:42:16.495+0000 INFO  [o.n.k.i.DiagnosticsManager]:   neostore.propertystore.db.strings.id: 2015-12-15T18:42:14-0800 - 9.00 B
2015-12-16 02:42:16.495+0000 INFO  [o.n.k.i.DiagnosticsManager]:   neostore.relationshipgroupstore.db: 2015-12-15T18:42:14-0800 - 25.00 B
2015-12-16 02:42:16.496+0000 INFO  [o.n.k.i.DiagnosticsManager]:   neostore.relationshipgroupstore.db.id: 2015-12-15T18:42:14-0800 - 9.00 B
2015-12-16 02:42:16.496+0000 INFO  [o.n.k.i.DiagnosticsManager]:   neostore.relationshipstore.db: 2015-12-15T18:42:14-0800 - 0.00 B
2015-12-16 02:42:16.496+0000 INFO  [o.n.k.i.DiagnosticsManager]:   neostore.relationshipstore.db.id: 2015-12-15T18:42:14-0800 - 9.00 B
2015-12-16 02:42:16.497+0000 INFO  [o.n.k.i.DiagnosticsManager]:   neostore.relationshiptypestore.db: 2015-12-15T18:42:14-0800 - 0.00 B
2015-12-16 02:42:16.497+0000 INFO  [o.n.k.i.DiagnosticsManager]:   neostore.relationshiptypestore.db.id: 2015-12-15T18:42:14-0800 - 9.00 B
2015-12-16 02:42:16.497+0000 INFO  [o.n.k.i.DiagnosticsManager]:   neostore.relationshiptypestore.db.names: 2015-12-15T18:42:14-0800 - 38.00 B
2015-12-16 02:42:16.498+0000 INFO  [o.n.k.i.DiagnosticsManager]:   neostore.relationshiptypestore.db.names.id: 2015-12-15T18:42:14-0800 - 9.00 B
2015-12-16 02:42:16.498+0000 INFO  [o.n.k.i.DiagnosticsManager]:   neostore.schemastore.db: 2015-12-15T18:42:14-0800 - 64.00 B
2015-12-16 02:42:16.499+0000 INFO  [o.n.k.i.DiagnosticsManager]:   neostore.schemastore.db.id: 2015-12-15T18:42:14-0800 - 9.00 B
2015-12-16 02:42:16.499+0000 INFO  [o.n.k.i.DiagnosticsManager]:   neostore.transaction.db.0: 2015-12-15T18:42:14-0800 - 16.00 B
2015-12-16 02:42:16.499+0000 INFO  [o.n.k.i.DiagnosticsManager]:   schema:
2015-12-16 02:42:16.500+0000 INFO  [o.n.k.i.DiagnosticsManager]:     label:
2015-12-16 02:42:16.500+0000 INFO  [o.n.k.i.DiagnosticsManager]:       lucene:
2015-12-16 02:42:16.500+0000 INFO  [o.n.k.i.DiagnosticsManager]:         write.lock: 2015-12-15T18:42:14-0800 - 0.00 B
2015-12-16 02:42:16.501+0000 INFO  [o.n.k.i.DiagnosticsManager]:       - Total: 2015-12-15T18:42:14-0800 - 0.00 B
2015-12-16 02:42:16.501+0000 INFO  [o.n.k.i.DiagnosticsManager]:     - Total: 2015-12-15T18:42:15-0800 - 0.00 B
2015-12-16 02:42:16.502+0000 INFO  [o.n.k.i.DiagnosticsManager]:   - Total: 2015-12-15T18:42:14-0800 - 0.00 B
2015-12-16 02:42:16.502+0000 INFO  [o.n.k.i.DiagnosticsManager]:   store_lock: 2015-12-15T18:42:14-0800 - 0.00 B
2015-12-16 02:42:16.502+0000 INFO  [o.n.k.i.DiagnosticsManager]: --- STARTED diagnostics for KernelDiagnostics:StoreFiles END ---
2015-12-16 02:42:16.560+0000 INFO  [o.n.k.EmbeddedGraphDatabase]: Database is now ready
2015-12-16 02:42:16.560+0000 INFO  [o.n.s.d.LifecycleManagingDatabase]: Successfully started database
2015-12-16 02:42:16.562+0000 INFO  [o.n.k.i.DiagnosticsManager]: --- SERVER STARTED START ---
2015-12-16 02:42:16.686+0000 INFO  [o.n.s.CommunityNeoServer]: Starting HTTP on port :7474 with 4 threads available
2015-12-16 02:42:17.010+0000 INFO  [o.n.s.CommunityNeoServer]: Enabling HTTPS on port :7473
2015-12-16 02:42:17.011+0000 INFO  [o.n.s.CommunityNeoServer]: No SSL certificate found, generating a self-signed certificate..
2015-12-16 02:42:17.599+0000 INFO  [o.n.s.w.Jetty9WebServer]: Mounting static content at [/webadmin] from [webadmin-html]
2015-12-16 02:42:17.694+0000 INFO  [o.n.s.w.Jetty9WebServer]: Mounting static content at [/browser] from [browser]
2015-12-16 02:42:20.142+0000 INFO  [o.n.s.CommunityNeoServer]: Server started on: http://localhost:7474/
2015-12-16 02:42:20.142+0000 INFO  [o.n.s.CommunityNeoServer]: Remote interface ready and available at [http://localhost:7474/]
2015-12-16 02:42:20.142+0000 INFO  [o.n.k.i.DiagnosticsManager]: --- SERVER STARTED END ---
2015-12-16 02:48:00.775+0000 INFO  [o.n.k.i.a.i.IndexPopulationJob]: Index population started: [:User(uuid) [provider: {key=lucene, version=1.0}]]
2015-12-16 02:48:00.825+0000 INFO  [o.n.k.i.a.KernelSchemaStateStore]: Schema state store has been cleared.
2015-12-16 02:48:00.843+0000 INFO  [o.n.k.i.a.i.IndexPopulationJob]: Index population completed. Index is now online: [:User(uuid) [provider: {key=lucene, version=1.0}]]
2015-12-16 02:48:00.934+0000 INFO  [o.n.k.i.a.KernelSchemaStateStore]: Schema state store has been cleared.
2015-12-16 02:48:05.122+0000 INFO  [o.n.k.i.a.i.s.OnlineIndexSamplingJob]: Sampled index :User(uuid) with 1 unique values in sample of avg size 1 taken from index containing 1 entries
2015-12-16 02:50:16.657+0000 INFO  [o.n.k.i.a.i.IndexPopulationJob]: Index population started: [:User(id) [provider: {key=lucene, version=1.0}]]
2015-12-16 02:50:16.722+0000 INFO  [o.n.k.i.a.KernelSchemaStateStore]: Schema state store has been cleared.
2015-12-16 02:50:16.727+0000 INFO  [o.n.k.i.a.i.IndexPopulationJob]: Index population completed. Index is now online: [:User(id) [provider: {key=lucene, version=1.0}]]
2015-12-16 02:50:25.118+0000 INFO  [o.n.k.i.a.i.s.OnlineIndexSamplingJob]: Sampled index :User(uuid) with 2 unique values in sample of avg size 2 taken from index containing 2 entries
2015-12-16 02:50:35.118+0000 INFO  [o.n.k.i.a.i.s.OnlineIndexSamplingJob]: Sampled index :User(uuid) with 3 unique values in sample of avg size 3 taken from index containing 3 entries
2015-12-16 02:50:55.118+0000 INFO  [o.n.k.i.a.i.s.OnlineIndexSamplingJob]: Sampled index :User(uuid) with 4 unique values in sample of avg size 4 taken from index containing 4 entries
2015-12-16 02:51:40.956+0000 INFO  [o.n.k.i.a.i.IndexPopulationJob]: Index population started: [:User(number) [provider: {key=lucene, version=1.0}]]
2015-12-16 02:51:40.968+0000 INFO  [o.n.k.i.a.KernelSchemaStateStore]: Schema state store has been cleared.
2015-12-16 02:51:40.970+0000 INFO  [o.n.k.i.a.i.IndexPopulationJob]: Index population completed. Index is now online: [:User(number) [provider: {key=lucene, version=1.0}]]
2015-12-16 02:51:40.972+0000 INFO  [o.n.k.i.a.KernelSchemaStateStore]: Schema state store has been cleared.
2015-12-16 02:51:45.118+0000 INFO  [o.n.k.i.a.i.s.OnlineIndexSamplingJob]: Sampled index :User(uuid) with 5 unique values in sample of avg size 5 taken from index containing 5 entries
2015-12-16 02:51:55.118+0000 INFO  [o.n.k.i.a.i.s.OnlineIndexSamplingJob]: Sampled index :User(number) with 2 unique values in sample of avg size 2 taken from index containing 2 entries
2015-12-16 02:52:05.117+0000 INFO  [o.n.k.i.a.i.s.OnlineIndexSamplingJob]: Sampled index :User(uuid) with 6 unique values in sample of avg size 6 taken from index containing 6 entries
2015-12-16 02:52:45.119+0000 INFO  [o.n.k.i.a.i.s.OnlineIndexSamplingJob]: Sampled index :User(uuid) with 7 unique values in sample of avg size 7 taken from index containing 7 entries
2015-12-16 02:52:55.117+0000 INFO  [o.n.k.i.a.i.s.OnlineIndexSamplingJob]: Sampled index :User(number) with 3 unique values in sample of avg size 3 taken from index containing 3 entries
2015-12-16 03:00:55.121+0000 INFO  [o.n.k.i.a.i.s.OnlineIndexSamplingJob]: Sampled index :User(uuid) with 8 unique values in sample of avg size 8 taken from index containing 8 entries
2015-12-16 03:01:05.119+0000 INFO  [o.n.k.i.a.i.s.OnlineIndexSamplingJob]: Sampled index :User(number) with 4 unique values in sample of avg size 4 taken from index containing 4 entries
2015-12-16 04:16:29.040+0000 WARN  [o.n.k.EmbeddedGraphDatabase]: GC Monitor: Application threads blocked for 274ms.
